{"/Users/nonnyss/CEDT/softwareDev/cedt-se-project-mewing-komkom/Backend/controllers/testCreate.js": {"path":"/Users/nonnyss/CEDT/softwareDev/cedt-se-project-mewing-komkom/Backend/controllers/testCreate.js","statementMap":{"0":{"start":{"line":2,"column":21},"end":{"line":2,"column":62}},"1":{"start":{"line":3,"column":0},"end":{"line":16,"column":4}},"2":{"start":{"line":4,"column":4},"end":{"line":15,"column":5}},"3":{"start":{"line":5,"column":32},"end":{"line":5,"column":80}},"4":{"start":{"line":7,"column":6},"end":{"line":12,"column":7}},"5":{"start":{"line":8,"column":8},"end":{"line":8,"column":81}},"6":{"start":{"line":10,"column":29},"end":{"line":10,"column":64}},"7":{"start":{"line":11,"column":8},"end":{"line":11,"column":68}},"8":{"start":{"line":14,"column":6},"end":{"line":14,"column":47}}},"fnMap":{"0":{"name":"(anonymous_0)","decl":{"start":{"line":3,"column":29},"end":{"line":3,"column":30}},"loc":{"start":{"line":3,"column":55},"end":{"line":16,"column":3}},"line":3}},"branchMap":{"0":{"loc":{"start":{"line":7,"column":6},"end":{"line":12,"column":7}},"type":"if","locations":[{"start":{"line":7,"column":6},"end":{"line":12,"column":7}},{"start":{"line":9,"column":12},"end":{"line":12,"column":7}}],"line":7}},"s":{"0":1,"1":1,"2":3,"3":3,"4":3,"5":1,"6":2,"7":1,"8":1},"f":{"0":3},"b":{"0":[1,2]},"_coverageSchema":"1a1c01bbd47fc00a2c39e90264f33305004495a9","hash":"d9bea555c71e7f73783c4d25fa912cd4954f2a28"}
,"/Users/nonnyss/CEDT/softwareDev/cedt-se-project-mewing-komkom/Backend/controllers/testEdit.js": {"path":"/Users/nonnyss/CEDT/softwareDev/cedt-se-project-mewing-komkom/Backend/controllers/testEdit.js","statementMap":{"0":{"start":{"line":1,"column":21},"end":{"line":1,"column":62}},"1":{"start":{"line":2,"column":0},"end":{"line":21,"column":4}},"2":{"start":{"line":3,"column":4},"end":{"line":20,"column":5}},"3":{"start":{"line":4,"column":27},"end":{"line":11,"column":7}},"4":{"start":{"line":13,"column":6},"end":{"line":15,"column":7}},"5":{"start":{"line":14,"column":8},"end":{"line":14,"column":56}},"6":{"start":{"line":17,"column":6},"end":{"line":17,"column":66}},"7":{"start":{"line":19,"column":6},"end":{"line":19,"column":47}}},"fnMap":{"0":{"name":"(anonymous_0)","decl":{"start":{"line":2,"column":29},"end":{"line":2,"column":30}},"loc":{"start":{"line":2,"column":55},"end":{"line":21,"column":3}},"line":2}},"branchMap":{"0":{"loc":{"start":{"line":13,"column":6},"end":{"line":15,"column":7}},"type":"if","locations":[{"start":{"line":13,"column":6},"end":{"line":15,"column":7}},{"start":{},"end":{}}],"line":13}},"s":{"0":1,"1":1,"2":3,"3":3,"4":2,"5":1,"6":1,"7":1},"f":{"0":3},"b":{"0":[1,1]},"_coverageSchema":"1a1c01bbd47fc00a2c39e90264f33305004495a9","hash":"ff49b5743d7448d6b5995a2b24bb34762136f8b4"}
,"/Users/nonnyss/CEDT/softwareDev/cedt-se-project-mewing-komkom/Backend/models/test.Workingspace.js": {"path":"/Users/nonnyss/CEDT/softwareDev/cedt-se-project-mewing-komkom/Backend/models/test.Workingspace.js","statementMap":{"0":{"start":{"line":1,"column":17},"end":{"line":1,"column":36}},"1":{"start":{"line":2,"column":15},"end":{"line":2,"column":30}},"2":{"start":{"line":4,"column":29},"end":{"line":44,"column":1}}},"fnMap":{},"branchMap":{},"s":{"0":2,"1":2,"2":2},"f":{},"b":{},"_coverageSchema":"1a1c01bbd47fc00a2c39e90264f33305004495a9","hash":"88c8ea0b1b03114c0306482e5de2861f64ea675d"}
}
